<?xml version="1.0" encoding="UTF-8"?>
<testng-results ignored="0" total="1" passed="1" failed="0" skipped="0">
  <reporter-output>
  </reporter-output>
  <suite started-at="2022-09-29T01:07:17 IST" name="Default suite" finished-at="2022-09-29T01:07:33 IST" duration-ms="15937">
    <groups>
    </groups>
    <test started-at="2022-09-29T01:07:17 IST" name="Default test" finished-at="2022-09-29T01:07:33 IST" duration-ms="15937">
      <class name="ExtentReport">
        <test-method is-config="true" signature="config()[pri:0, instance:ExtentReport@15bb5034]" started-at="2022-09-29T01:07:17 IST" name="config" finished-at="2022-09-29T01:07:18 IST" duration-ms="838" status="PASS">
          <reporter-output>
          </reporter-output>
        </test-method> <!-- config -->
        <test-method signature="getExtentReport()[pri:0, instance:ExtentReport@15bb5034]" started-at="2022-09-29T01:07:18 IST" name="getExtentReport" finished-at="2022-09-29T01:07:33 IST" duration-ms="14989" status="PASS">
          <reporter-output>
          </reporter-output>
        </test-method> <!-- getExtentReport -->
      </class> <!-- ExtentReport -->
    </test> <!-- Default test -->
  </suite> <!-- Default suite -->
</testng-results>
